0 info it worked if it ends with ok
1 verbose cli [ 'C:\\Program Files\\nodejs\\node.exe',
1 verbose cli   'C:\\Program Files\\nodejs\\node_modules\\npm\\bin\\npm-cli.js',
1 verbose cli   'run',
1 verbose cli   'unit-test' ]
2 info using npm@3.10.10
3 info using node@v6.11.3
4 verbose run-script [ 'preunit-test', 'unit-test', 'postunit-test' ]
5 info lifecycle api-ts@1.0.0~preunit-test: api-ts@1.0.0
6 silly lifecycle api-ts@1.0.0~preunit-test: no script for preunit-test, continuing
7 info lifecycle api-ts@1.0.0~unit-test: api-ts@1.0.0
8 verbose lifecycle api-ts@1.0.0~unit-test: unsafe-perm in lifecycle true
9 verbose lifecycle api-ts@1.0.0~unit-test: PATH: C:\Program Files\nodejs\node_modules\npm\bin\node-gyp-bin;C:\Users\willi\Documents\Github\api-ts\node_modules\.bin;C:\ProgramData\Oracle\Java\javapath;C:\Program Files (x86)\Intel\iCLS Client\;C:\Program Files\Intel\iCLS Client\;C:\Windows\system32;C:\Windows;C:\Windows\System32\Wbem;C:\Windows\System32\WindowsPowerShell\v1.0\;C:\Program Files (x86)\NVIDIA Corporation\PhysX\Common;C:\Program Files (x86)\Intel\Intel(R) Management Engine Components\DAL;C:\Program Files\Intel\Intel(R) Management Engine Components\DAL;C:\Program Files (x86)\Intel\Intel(R) Management Engine Components\IPT;C:\Program Files\Intel\Intel(R) Management Engine Components\IPT;C:\Program Files\Microsoft SQL Server\Client SDK\ODBC\110\Tools\Binn\;C:\Program Files (x86)\Microsoft SQL Server\120\Tools\Binn\;C:\Program Files\Microsoft SQL Server\120\Tools\Binn\;C:\Program Files\Microsoft SQL Server\120\DTS\Binn\;C:\Program Files\nodejs\;C:\Program Files\Git\cmd;C:\WINDOWS\system32;C:\WINDOWS;C:\WINDOWS\System32\Wbem;C:\WINDOWS\System32\WindowsPowerShell\v1.0\;C:\Users\willi\AppData\Local\Microsoft\WindowsApps;;C:\Program Files\Microsoft VS Code\bin;C:\Users\willi\AppData\Roaming\npm
10 verbose lifecycle api-ts@1.0.0~unit-test: CWD: C:\Users\willi\Documents\Github\api-ts
11 silly lifecycle api-ts@1.0.0~unit-test: Args: [ '/d /s /c',
11 silly lifecycle   'NODE_ENV=test node mocha --opts ./builder/tests/unit/config/mocha.opts&node ./builder/tests/unit/unit.test.js' ]
12 silly lifecycle api-ts@1.0.0~unit-test: Returned: code: 1  signal: null
13 info lifecycle api-ts@1.0.0~unit-test: Failed to exec unit-test script
14 verbose stack Error: api-ts@1.0.0 unit-test: `NODE_ENV=test node mocha --opts ./builder/tests/unit/config/mocha.opts&node ./builder/tests/unit/unit.test.js`
14 verbose stack Exit status 1
14 verbose stack     at EventEmitter.<anonymous> (C:\Program Files\nodejs\node_modules\npm\lib\utils\lifecycle.js:255:16)
14 verbose stack     at emitTwo (events.js:106:13)
14 verbose stack     at EventEmitter.emit (events.js:191:7)
14 verbose stack     at ChildProcess.<anonymous> (C:\Program Files\nodejs\node_modules\npm\lib\utils\spawn.js:40:14)
14 verbose stack     at emitTwo (events.js:106:13)
14 verbose stack     at ChildProcess.emit (events.js:191:7)
14 verbose stack     at maybeClose (internal/child_process.js:920:16)
14 verbose stack     at Process.ChildProcess._handle.onexit (internal/child_process.js:230:5)
15 verbose pkgid api-ts@1.0.0
16 verbose cwd C:\Users\willi\Documents\Github\api-ts
17 error Windows_NT 10.0.16299
18 error argv "C:\\Program Files\\nodejs\\node.exe" "C:\\Program Files\\nodejs\\node_modules\\npm\\bin\\npm-cli.js" "run" "unit-test"
19 error node v6.11.3
20 error npm  v3.10.10
21 error code ELIFECYCLE
22 error api-ts@1.0.0 unit-test: `NODE_ENV=test node mocha --opts ./builder/tests/unit/config/mocha.opts&node ./builder/tests/unit/unit.test.js`
22 error Exit status 1
23 error Failed at the api-ts@1.0.0 unit-test script 'NODE_ENV=test node mocha --opts ./builder/tests/unit/config/mocha.opts&node ./builder/tests/unit/unit.test.js'.
23 error Make sure you have the latest version of node.js and npm installed.
23 error If you do, this is most likely a problem with the api-ts package,
23 error not with npm itself.
23 error Tell the author that this fails on your system:
23 error     NODE_ENV=test node mocha --opts ./builder/tests/unit/config/mocha.opts&node ./builder/tests/unit/unit.test.js
23 error You can get information on how to open an issue for this project with:
23 error     npm bugs api-ts
23 error Or if that isn't available, you can get their info via:
23 error     npm owner ls api-ts
23 error There is likely additional logging output above.
24 verbose exit [ 1, true ]
